<?xml version="1.0" encoding="UTF-8"?>
<!-- Generated by org.testng.reporters.JUnitReportReporter -->
<testsuite hostname="CN-20171123PLAD" name="com.pz.ecshopTest.kaoshi" tests="1" failures="0" timestamp="7 Jan 2020 11:16:13 GMT" time="15.486" errors="0">
  <testcase name="login" time="15.486" classname="com.pz.ecshopTest.kaoshi"/>
</testsuite> <!-- com.pz.ecshopTest.kaoshi -->
