<?xml version="1.0" encoding="UTF-8"?>
<!-- Generated by org.testng.reporters.JUnitReportReporter -->
<testsuite hostname="Honey-PC" name="com.pz.kaoshi.kaoshi" tests="1" failures="0" timestamp="31 Dec 2019 08:22:25 GMT" time="21.197" errors="0">
  <testcase name="login" time="21.197" classname="com.pz.kaoshi.kaoshi"/>
</testsuite> <!-- com.pz.kaoshi.kaoshi -->
